#
# A fatal error has been detected by the Java Runtime Environment:
#
#  SIGSEGV (0xb) at pc=0x00007fa90c53df6a, pid=25999, tid=140362913539840
#
# JRE version: Java(TM) SE Runtime Environment (8.0_25-b17) (build 1.8.0_25-b17)
# Java VM: Java HotSpot(TM) 64-Bit Server VM (25.25-b02 mixed mode linux-amd64 compressed oops)
# Problematic frame:
# V  [libjvm.so+0x6aef6a]  jni_GetLongField+0xaa
#
# Failed to write core dump. Core dumps have been disabled. To enable core dumping, try "ulimit -c unlimited" before starting Java again
#
# If you would like to submit a bug report, please visit:
#   http://bugreport.sun.com/bugreport/crash.jsp
#

---------------  T H R E A D  ---------------

Current thread (0x00007fa904248000):  JavaThread "AWT-XAWT" daemon [_thread_in_vm, id=26027, stack(0x00007fa8c989e000,0x00007fa8c999f000)]

siginfo: si_signo: 11 (SIGSEGV), si_code: 1 (SEGV_MAPERR), si_addr: 0x0000000000000000

Registers:
RAX=0x00007fa90cddb2f9, RBX=0x00007fa904248000, RCX=0x00007fa90d80c320, RDX=0x00007fa90cde5290
RSP=0x00007fa8c999d4c0, RBP=0x00007fa8c999d4f0, RSI=0x0000000000000000, RDI=0x00007fa9042481e8
R8 =0x0000000000000320, R9 =0x00000000000001f4, R10=0x00007fa8f5268204, R11=0x00007fa8f52681d8
R12=0x0000000000000042, R13=0x0000000000000000, R14=0x00007fa90cde97e0, R15=0x00007fa90cde52a0
RIP=0x00007fa90c53df6a, EFLAGS=0x0000000000010246, CSGSFS=0x0000000000000033, ERR=0x0000000000000004
  TRAPNO=0x000000000000000e

Top of Stack: (sp=0x00007fa8c999d4c0)
0x00007fa8c999d4c0:   00007fa8c999d4f0 00007fa9042481e8
0x00007fa8c999d4d0:   00007fa898016790 0000000000000000
0x00007fa8c999d4e0:   00007fa8cb7277c0 00007fa904248000
0x00007fa8c999d4f0:   00007fa8c999d520 00007fa8cb5060a1
0x00007fa8c999d500:   00007fa9089769f0 00007fa898016790
0x00007fa8c999d510:   00007fa8c999d5d0 00007fa8c999d5a0
0x00007fa8c999d520:   0000000000000000 00007fa8cafe9ae8
0x00007fa8c999d530:   00007fa9089769f0 00007fa8c999d560
0x00007fa8c999d540:   0000000000000000 00007fa8cafe19a3
0x00007fa8c999d550:   00007fa8c999d5d0 00007fa8cb4ff39f
0x00007fa8c999d560:   00007fa8c999d5b0 00007fa8f5268276
0x00007fa8c999d570:   0000000000000000 00007fa8f51fbab6
0x00007fa8c999d580:   00000000da034a30 00007fa8f51249ac
0x00007fa8c999d590:   00007fa8c999d630 00007fa8f524a0f4
0x00007fa8c999d5a0:   0000000088400660 00007fa89c001260
0x00007fa8c999d5b0:   00007fa8c999d630 00007fa8f50071e0
0x00007fa8c999d5c0:   00007fa8c999d630 00007fa8f50071e0
0x00007fa8c999d5d0:   0000000000000000 00007fa8f5007520
0x00007fa8c999d5e0:   00007fa89c001260 00000000da034a30
0x00007fa8c999d5f0:   00007fa8c999d5f0 00007fa908b2354c
0x00007fa8c999d600:   00007fa8c999d678 00007fa908b2ce78
0x00007fa8c999d610:   0000000000000000 00007fa908b23680
0x00007fa8c999d620:   00007fa8c999d5d0 00007fa8c999d670
0x00007fa8c999d630:   00007fa8c999d6c0 00007fa8f5007a0d
0x00007fa8c999d640:   0000000000000000 00000000da01b6a0
0x00007fa8c999d650:   0000000000000000 0000000000000000
0x00007fa8c999d660:   0000000000000000 00000000da034a30
0x00007fa8c999d670:   0000000000000000 00000000da0349d0
0x00007fa8c999d680:   00007fa8c999d680 00007fa908b2338d
0x00007fa8c999d690:   00007fa8c999d6d0 00007fa908b2ce78
0x00007fa8c999d6a0:   0000000000000000 00007fa908b23398
0x00007fa8c999d6b0:   00007fa8c999d670 00007fa8c999d6d0 

Instructions: (pc=0x00007fa90c53df6a)
0x00007fa90c53df4a:   a9 00 00 00 30 74 08 48 89 df e8 37 8c 37 00 48
0x00007fa90c53df5a:   8b 05 58 35 86 00 c7 83 60 02 00 00 06 00 00 00
0x00007fa90c53df6a:   49 8b 55 00 80 38 00 0f 84 c1 00 00 00 48 8b 05
0x00007fa90c53df7a:   42 10 86 00 8b 72 08 8b 48 08 48 d3 e6 48 03 30 

Register to memory mapping:

RAX=0x00007fa90cddb2f9: <offset 0xf4c2f9> in /usr/lib/jvm/java-8-oracle/jre/lib/amd64/server/libjvm.so at 0x00007fa90be8f000
RBX=0x00007fa904248000 is a thread
RCX=0x00007fa90d80c320: <offset 0x219320> in /lib/x86_64-linux-gnu/libpthread.so.0 at 0x00007fa90d5f3000
RDX=0x00007fa90cde5290: <offset 0xf56290> in /usr/lib/jvm/java-8-oracle/jre/lib/amd64/server/libjvm.so at 0x00007fa90be8f000
RSP=0x00007fa8c999d4c0 is pointing into the stack for thread: 0x00007fa904248000
RBP=0x00007fa8c999d4f0 is pointing into the stack for thread: 0x00007fa904248000
RSI=0x0000000000000000 is an unknown value
RDI=0x00007fa9042481e8 is an unknown value
R8 =0x0000000000000320 is an unknown value
R9 =0x00000000000001f4 is an unknown value
R10=0x00007fa8f5268204 is at entry_point+68 in (nmethod*)0x00007fa8f5268050
R11=0x00007fa8f52681d8 is at entry_point+24 in (nmethod*)0x00007fa8f5268050
R12=0x0000000000000042 is an unknown value
R13=0x0000000000000000 is an unknown value
R14=0x00007fa90cde97e0: <offset 0xf5a7e0> in /usr/lib/jvm/java-8-oracle/jre/lib/amd64/server/libjvm.so at 0x00007fa90be8f000
R15=0x00007fa90cde52a0: <offset 0xf562a0> in /usr/lib/jvm/java-8-oracle/jre/lib/amd64/server/libjvm.so at 0x00007fa90be8f000


Stack: [0x00007fa8c989e000,0x00007fa8c999f000],  sp=0x00007fa8c999d4c0,  free space=1021k
Native frames: (J=compiled Java code, j=interpreted, Vv=VM code, C=native code)
V  [libjvm.so+0x6aef6a]  jni_GetLongField+0xaa
C  [libawt_xawt.so+0x370a1]  getX11InputMethodData+0x31
C  [libX11.so.6+0x61ae8]  _XimServerDestroy+0x58

Java frames: (J=compiled Java code, j=interpreted, Vv=VM code)
J 599  sun.awt.X11.XlibWrapper.XFilterEvent(JJ)Z (0 bytes) @ 0x00007fa8f5268204 [0x00007fa8f52681c0+0x44]
j  sun.awt.X11.XToolkit.run(Z)V+300
j  sun.awt.X11.XToolkit.run()V+5
j  java.lang.Thread.run()V+11
v  ~StubRoutines::call_stub

---------------  P R O C E S S  ---------------

Java Threads: ( => current thread )
  0x00007fa88802a000 JavaThread "com.retrogui.dualrpc.common.RpcWorker:hashcode=1095907531:sessionId=133894383" daemon [_thread_blocked, id=3286, stack(0x00007fa8c20ca000,0x00007fa8c21cb000)]
  0x00007fa888028000 JavaThread "com.retrogui.dualrpc.common.RpcWorker:hashcode=1323233795:sessionId=133894383" daemon [_thread_blocked, id=3282, stack(0x00007fa8c21cb000,0x00007fa8c22cc000)]
  0x00007fa888026800 JavaThread "com.retrogui.dualrpc.common.RpcWorker:hashcode=1537837682:sessionId=133894383" daemon [_thread_blocked, id=3051, stack(0x00007fa8c22cc000,0x00007fa8c23cd000)]
  0x00007fa888024800 JavaThread "com.retrogui.dualrpc.common.RpcWorker:hashcode=1575108483:sessionId=133894383" daemon [_thread_blocked, id=1352, stack(0x00007fa8c23cd000,0x00007fa8c24ce000)]
  0x00007fa888023000 JavaThread "com.retrogui.dualrpc.common.RpcWorker:hashcode=1170262830:sessionId=133894383" daemon [_thread_blocked, id=30763, stack(0x00007fa8c24ce000,0x00007fa8c25cf000)]
  0x00007fa888021000 JavaThread "com.retrogui.dualrpc.common.RpcWorker:hashcode=1446753861:sessionId=133894383" daemon [_thread_blocked, id=30758, stack(0x00007fa8c27cf000,0x00007fa8c28d0000)]
  0x00007fa88801f800 JavaThread "com.retrogui.dualrpc.common.RpcWorker:hashcode=1964742310:sessionId=133894383" daemon [_thread_blocked, id=30230, stack(0x00007fa8c28d0000,0x00007fa8c29d1000)]
  0x00007fa88801d800 JavaThread "com.retrogui.dualrpc.common.RpcWorker:hashcode=447257546:sessionId=133894383" daemon [_thread_blocked, id=30101, stack(0x00007fa8c29d1000,0x00007fa8c2ad2000)]
  0x00007fa88801c000 JavaThread "com.retrogui.dualrpc.common.RpcWorker:hashcode=1435793826:sessionId=133894383" daemon [_thread_blocked, id=29808, stack(0x00007fa8c2ad2000,0x00007fa8c2bd3000)]
  0x00007fa88801a800 JavaThread "com.retrogui.dualrpc.common.RpcWorker:hashcode=674384376:sessionId=133894383" daemon [_thread_blocked, id=29695, stack(0x00007fa8c2bd3000,0x00007fa8c2cd4000)]
  0x00007fa888018800 JavaThread "com.retrogui.dualrpc.common.RpcWorker:hashcode=1643359321:sessionId=133894383" daemon [_thread_blocked, id=29649, stack(0x00007fa8c2cd4000,0x00007fa8c2dd5000)]
  0x00007fa888016800 JavaThread "com.retrogui.dualrpc.common.RpcWorker:hashcode=372535265:sessionId=133894383" daemon [_thread_blocked, id=29338, stack(0x00007fa8c2dd5000,0x00007fa8c2ed6000)]
  0x00007fa888014800 JavaThread "com.retrogui.dualrpc.common.RpcWorker:hashcode=46055623:sessionId=133894383" daemon [_thread_blocked, id=29292, stack(0x00007fa8c2ed6000,0x00007fa8c2fd7000)]
  0x00007fa888012800 JavaThread "com.retrogui.dualrpc.common.RpcWorker:hashcode=212144093:sessionId=133894383" daemon [_thread_blocked, id=29288, stack(0x00007fa8c2fd7000,0x00007fa8c30d8000)]
  0x00007fa888011000 JavaThread "com.retrogui.dualrpc.common.RpcWorker:hashcode=1379455475:sessionId=133894383" daemon [_thread_blocked, id=29253, stack(0x00007fa8c30d8000,0x00007fa8c31d9000)]
  0x00007fa88800f000 JavaThread "com.retrogui.dualrpc.common.RpcWorker:hashcode=1572095405:sessionId=133894383" daemon [_thread_blocked, id=29132, stack(0x00007fa8c31d9000,0x00007fa8c32da000)]
  0x00007fa888009800 JavaThread "com.retrogui.dualrpc.common.RpcWorker:hashcode=1414309725:sessionId=133894383" daemon [_thread_blocked, id=29079, stack(0x00007fa8c32da000,0x00007fa8c33db000)]
  0x00007fa888008800 JavaThread "com.retrogui.dualrpc.common.RpcWorker:hashcode=584259779:sessionId=133894383" daemon [_thread_blocked, id=29074, stack(0x00007fa8c33db000,0x00007fa8c34dc000)]
  0x00007fa888007000 JavaThread "com.retrogui.dualrpc.common.RpcWorker:hashcode=1602674711:sessionId=133894383" daemon [_thread_blocked, id=28928, stack(0x00007fa8c34dc000,0x00007fa8c35dd000)]
  0x00007fa888005800 JavaThread "com.retrogui.dualrpc.common.RpcWorker:hashcode=2009441288:sessionId=133894383" daemon [_thread_blocked, id=27182, stack(0x00007fa8c35dd000,0x00007fa8c36de000)]
  0x00007fa888003800 JavaThread "com.retrogui.dualrpc.common.RpcWorker:hashcode=137520793:sessionId=133894383" daemon [_thread_blocked, id=27139, stack(0x00007fa8c36de000,0x00007fa8c37df000)]
  0x00007fa888002000 JavaThread "com.retrogui.dualrpc.common.RpcWorker:hashcode=702250357:sessionId=133894383" daemon [_thread_blocked, id=27133, stack(0x00007fa8c37df000,0x00007fa8c38e0000)]
  0x00007fa888001000 JavaThread "com.retrogui.dualrpc.common.RpcWorker:hashcode=1804717597:sessionId=133894383" daemon [_thread_blocked, id=26212, stack(0x00007fa8c38e0000,0x00007fa8c39e1000)]
  0x00007fa88800a800 JavaThread "com.retrogui.dualrpc.common.RpcWorker:hashcode=943895904:sessionId=133894383" daemon [_thread_blocked, id=26192, stack(0x00007fa8c979d000,0x00007fa8c989e000)]
  0x00007fa898124000 JavaThread "br.ufsc.inf.leobr.cliente.HeartbeatThread thread" daemon [_thread_blocked, id=26181, stack(0x00007fa8c39e1000,0x00007fa8c3ae2000)]
  0x00007fa898121800 JavaThread "com.retrogui.dualrpc.client.DualRpcClientDispatcher:hashcode=157172974:sessionId=133894383" daemon [_thread_blocked, id=26179, stack(0x00007fa8c3ae2000,0x00007fa8c3be3000)]
  0x00007fa898120000 JavaThread "com.retrogui.messageserver.common.OutboundMessageHandler:hashcode=1933867976:sessionId=133894383" daemon [_thread_blocked, id=26178, stack(0x00007fa8c3be3000,0x00007fa8c3ce4000)]
  0x00007fa89811b800 JavaThread "com.retrogui.messageserver.common.InboundMessageHandler:hashcode=445157462:sessionId=133894383" daemon [_thread_in_native, id=26177, stack(0x00007fa8c80a2000,0x00007fa8c81a3000)]
  0x00007fa89805a800 JavaThread "TimerQueue" daemon [_thread_blocked, id=26176, stack(0x00007fa8c89f3000,0x00007fa8c8af4000)]
  0x00007fa90400c000 JavaThread "DestroyJavaVM" [_thread_blocked, id=26004, stack(0x00007fa90d911000,0x00007fa90da12000)]
  0x00007fa9042a9800 JavaThread "AWT-EventQueue-0" [_thread_blocked, id=26031, stack(0x00007fa8c959b000,0x00007fa8c969c000)]
  0x00007fa9042a5800 JavaThread "AWT-Shutdown" [_thread_blocked, id=26030, stack(0x00007fa8c969c000,0x00007fa8c979d000)]
=>0x00007fa904248000 JavaThread "AWT-XAWT" daemon [_thread_in_vm, id=26027, stack(0x00007fa8c989e000,0x00007fa8c999f000)]
  0x00007fa904224800 JavaThread "Java2D Disposer" daemon [_thread_blocked, id=26026, stack(0x00007fa8c9daf000,0x00007fa8c9eb0000)]
  0x00007fa9040d1800 JavaThread "Service Thread" daemon [_thread_blocked, id=26024, stack(0x00007fa8cbafb000,0x00007fa8cbbfc000)]
  0x00007fa9040c4800 JavaThread "C1 CompilerThread2" daemon [_thread_blocked, id=26023, stack(0x00007fa8cbbfc000,0x00007fa8cbcfd000)]
  0x00007fa9040c2800 JavaThread "C2 CompilerThread1" daemon [_thread_blocked, id=26022, stack(0x00007fa8cbcfd000,0x00007fa8cbdfe000)]
  0x00007fa9040bf800 JavaThread "C2 CompilerThread0" daemon [_thread_blocked, id=26021, stack(0x00007fa8cbdfe000,0x00007fa8cbeff000)]
  0x00007fa8d0001000 JavaThread "JDWP Command Reader" daemon [_thread_in_native, id=26019, stack(0x00007fa8c3eff000,0x00007fa8c4000000)]
  0x00007fa9040bd800 JavaThread "JDWP Event Helper Thread" daemon [_thread_blocked, id=26018, stack(0x00007fa8cbeff000,0x00007fa8cc000000)]
  0x00007fa9040ba000 JavaThread "JDWP Transport Listener: dt_socket" daemon [_thread_blocked, id=26015, stack(0x00007fa8f00ea000,0x00007fa8f01eb000)]
  0x00007fa9040aa800 JavaThread "Signal Dispatcher" daemon [_thread_blocked, id=26013, stack(0x00007fa8f03ef000,0x00007fa8f04f0000)]
  0x00007fa90407e800 JavaThread "Finalizer" daemon [_thread_blocked, id=26012, stack(0x00007fa8f04f0000,0x00007fa8f05f1000)]
  0x00007fa90407c800 JavaThread "Reference Handler" daemon [_thread_blocked, id=26011, stack(0x00007fa8f05f1000,0x00007fa8f06f2000)]

Other Threads:
  0x00007fa904075000 VMThread [stack: 0x00007fa8f06f2000,0x00007fa8f07f3000] [id=26010]
  0x00007fa9040d4800 WatcherThread [stack: 0x00007fa8cb9fa000,0x00007fa8cbafb000] [id=26025]

VM state:not at safepoint (normal execution)

VM Mutex/Monitor currently owned by a thread: None

Heap:
 PSYoungGen      total 35840K, used 15218K [0x00000000d8180000, 0x00000000da980000, 0x0000000100000000)
  eden space 30720K, 32% used [0x00000000d8180000,0x00000000d8b60180,0x00000000d9f80000)
  from space 5120K, 99% used [0x00000000d9f80000,0x00000000da47c828,0x00000000da480000)
  to   space 5120K, 0% used [0x00000000da480000,0x00000000da480000,0x00000000da980000)
 ParOldGen       total 81920K, used 1010K [0x0000000088400000, 0x000000008d400000, 0x00000000d8180000)
  object space 81920K, 1% used [0x0000000088400000,0x00000000884fcb48,0x000000008d400000)
 Metaspace       used 16099K, capacity 16340K, committed 16640K, reserved 1064960K
  class space    used 1883K, capacity 1946K, committed 2048K, reserved 1048576K

Card table byte_map: [0x00007fa909850000,0x00007fa909c0f000] byte_map_base: 0x00007fa90940e000

Marking Bits: (ParMarkBitMap*) 0x00007fa90cde92c0
 Begin Bits: [0x00007fa8f1420000, 0x00007fa8f3210000)
 End Bits:   [0x00007fa8f3210000, 0x00007fa8f5000000)

Polling page: 0x00007fa90da30000

CodeCache: size=245760Kb used=5434Kb max_used=5434Kb free=240325Kb
 bounds [0x00007fa8f5000000, 0x00007fa8f5560000, 0x00007fa904000000]
 total_blobs=2182 nmethods=1601 adapters=504
 compilation: enabled

Compilation events (10 events):
Event: 4591,460 Thread 0x00007fa9040c4800 1719       3       java.io.ObjectOutputStream::writeByte (9 bytes)
Event: 4591,461 Thread 0x00007fa9040c4800 nmethod 1719 0x00007fa8f5203590 code [0x00007fa8f5203720, 0x00007fa8f52039c8]
Event: 4591,461 Thread 0x00007fa9040c4800 1720       3       java.io.ObjectOutputStream::writeUTF (9 bytes)
Event: 4591,462 Thread 0x00007fa9040c4800 nmethod 1720 0x00007fa8f5203050 code [0x00007fa8f52031e0, 0x00007fa8f5203458]
Event: 4591,533 Thread 0x00007fa9040c4800 1721   !   3       java.io.ObjectInputStream::readTypeString (134 bytes)
Event: 4591,535 Thread 0x00007fa9040c4800 nmethod 1721 0x00007fa8f5552b50 code [0x00007fa8f5552e00, 0x00007fa8f5553ac8]
Event: 5551,907 Thread 0x00007fa9040c4800 1723       3       java.io.ObjectInputStream$BlockDataInputStream::readShort (73 bytes)
Event: 5551,908 Thread 0x00007fa9040c4800 nmethod 1723 0x00007fa8f5548010 code [0x00007fa8f55481a0, 0x00007fa8f5548578]
Event: 5637,956 Thread 0x00007fa9040c4800 1724       3       sun.awt.X11.WindowPropertyGetter::isCachingSupported (4 bytes)
Event: 5637,957 Thread 0x00007fa9040c4800 nmethod 1724 0x00007fa8f5547c90 code [0x00007fa8f5547e00, 0x00007fa8f5547f90]

GC Heap History (2 events):
Event: 78,344 GC heap before
{Heap before GC invocations=1 (full 0):
 PSYoungGen      total 35840K, used 30720K [0x00000000d8180000, 0x00000000da980000, 0x0000000100000000)
  eden space 30720K, 100% used [0x00000000d8180000,0x00000000d9f80000,0x00000000d9f80000)
  from space 5120K, 0% used [0x00000000da480000,0x00000000da480000,0x00000000da980000)
  to   space 5120K, 0% used [0x00000000d9f80000,0x00000000d9f80000,0x00000000da480000)
 ParOldGen       total 81920K, used 0K [0x0000000088400000, 0x000000008d400000, 0x00000000d8180000)
  object space 81920K, 0% used [0x0000000088400000,0x0000000088400000,0x000000008d400000)
 Metaspace       used 15825K, capacity 16040K, committed 16256K, reserved 1062912K
  class space    used 1859K, capacity 1912K, committed 1920K, reserved 1048576K
Event: 78,361 GC heap after
Heap after GC invocations=1 (full 0):
 PSYoungGen      total 35840K, used 5106K [0x00000000d8180000, 0x00000000da980000, 0x0000000100000000)
  eden space 30720K, 0% used [0x00000000d8180000,0x00000000d8180000,0x00000000d9f80000)
  from space 5120K, 99% used [0x00000000d9f80000,0x00000000da47c828,0x00000000da480000)
  to   space 5120K, 0% used [0x00000000da480000,0x00000000da480000,0x00000000da980000)
 ParOldGen       total 81920K, used 1010K [0x0000000088400000, 0x000000008d400000, 0x00000000d8180000)
  object space 81920K, 1% used [0x0000000088400000,0x00000000884fcb48,0x000000008d400000)
 Metaspace       used 15825K, capacity 16040K, committed 16256K, reserved 1062912K
  class space    used 1859K, capacity 1912K, committed 1920K, reserved 1048576K
}

Deoptimization events (9 events):
Event: 5,698 Thread 0x00007fa9042a9800 Uncommon trap: reason=class_check action=maybe_recompile pc=0x00007fa8f51c8698 method=java.lang.String.equals(Ljava/lang/Object;)Z @ 8
Event: 5,698 Thread 0x00007fa9042a9800 Uncommon trap: reason=class_check action=maybe_recompile pc=0x00007fa8f51c8698 method=java.lang.String.equals(Ljava/lang/Object;)Z @ 8
Event: 5,698 Thread 0x00007fa9042a9800 Uncommon trap: reason=class_check action=maybe_recompile pc=0x00007fa8f51c8698 method=java.lang.String.equals(Ljava/lang/Object;)Z @ 8
Event: 26,745 Thread 0x00007fa9042a9800 Uncommon trap: reason=class_check action=maybe_recompile pc=0x00007fa8f51c8698 method=java.lang.String.equals(Ljava/lang/Object;)Z @ 8
Event: 29,451 Thread 0x00007fa9042a9800 Uncommon trap: reason=bimorphic action=maybe_recompile pc=0x00007fa8f5373dc8 method=java.util.HashMap.putVal(ILjava/lang/Object;Ljava/lang/Object;ZZ)Ljava/lang/Object; @ 253
Event: 29,451 Thread 0x00007fa9042a9800 Uncommon trap: reason=bimorphic action=maybe_recompile pc=0x00007fa8f5373dc8 method=java.util.HashMap.putVal(ILjava/lang/Object;Ljava/lang/Object;ZZ)Ljava/lang/Object; @ 253
Event: 29,451 Thread 0x00007fa9042a9800 Uncommon trap: reason=bimorphic action=maybe_recompile pc=0x00007fa8f5373dc8 method=java.util.HashMap.putVal(ILjava/lang/Object;Ljava/lang/Object;ZZ)Ljava/lang/Object; @ 253
Event: 29,451 Thread 0x00007fa9042a9800 Uncommon trap: reason=bimorphic action=maybe_recompile pc=0x00007fa8f5373dc8 method=java.util.HashMap.putVal(ILjava/lang/Object;Ljava/lang/Object;ZZ)Ljava/lang/Object; @ 253
Event: 29,468 Thread 0x00007fa9042a9800 Uncommon trap: reason=bimorphic action=maybe_recompile pc=0x00007fa8f5376fe8 method=java.util.HashMap.putVal(ILjava/lang/Object;Ljava/lang/Object;ZZ)Ljava/lang/Object; @ 253

Internal exceptions (10 events):
Event: 29,925 Thread 0x00007fa89811b800 Exception <a 'java/security/PrivilegedActionException'> (0x00000000d98fe140) thrown at [/HUDSON/workspace/8-2-build-linux-amd64/jdk8u25/1514/hotspot/src/share/vm/prims/jvm.cpp, line 1312]
Event: 29,927 Thread 0x00007fa89811b800 Exception <a 'java/security/PrivilegedActionException'> (0x00000000d99083d0) thrown at [/HUDSON/workspace/8-2-build-linux-amd64/jdk8u25/1514/hotspot/src/share/vm/prims/jvm.cpp, line 1312]
Event: 29,933 Thread 0x00007fa898121800 Exception <a 'java/security/PrivilegedActionException'> (0x00000000d9a2a728) thrown at [/HUDSON/workspace/8-2-build-linux-amd64/jdk8u25/1514/hotspot/src/share/vm/prims/jvm.cpp, line 1312]
Event: 29,935 Thread 0x00007fa898121800 Exception <a 'java/security/PrivilegedActionException'> (0x00000000d9a2e0d8) thrown at [/HUDSON/workspace/8-2-build-linux-amd64/jdk8u25/1514/hotspot/src/share/vm/prims/jvm.cpp, line 1312]
Event: 29,940 Thread 0x00007fa9042a9800 Exception <a 'java/security/PrivilegedActionException'> (0x00000000d98a3fc0) thrown at [/HUDSON/workspace/8-2-build-linux-amd64/jdk8u25/1514/hotspot/src/share/vm/prims/jvm.cpp, line 1312]
Event: 30,098 Thread 0x00007fa9042a9800 Exception <a 'java/lang/UnsupportedOperationException': > (0x00000000d98ec2e8) thrown at [/HUDSON/workspace/8-2-build-linux-amd64/jdk8u25/1514/hotspot/src/share/vm/prims/jni.cpp, line 742]
Event: 76,287 Thread 0x00007fa9042a9800 Exception <a 'java/lang/UnsupportedOperationException': > (0x00000000d9d14e90) thrown at [/HUDSON/workspace/8-2-build-linux-amd64/jdk8u25/1514/hotspot/src/share/vm/prims/jni.cpp, line 742]
Event: 336,885 Thread 0x00007fa88800a800 Exception <a 'java/security/PrivilegedActionException'> (0x00000000d8503a20) thrown at [/HUDSON/workspace/8-2-build-linux-amd64/jdk8u25/1514/hotspot/src/share/vm/prims/jvm.cpp, line 1312]
Event: 391,195 Thread 0x00007fa88800a800 Exception <a 'java/lang/reflect/InvocationTargetException'> (0x00000000d8625aa8) thrown at [/HUDSON/workspace/8-2-build-linux-amd64/jdk8u25/1514/hotspot/src/share/vm/runtime/reflection.cpp, line 1080]
Event: 393,845 Thread 0x00007fa88800a800 Exception <a 'java/security/PrivilegedActionException'> (0x00000000d86261e0) thrown at [/HUDSON/workspace/8-2-build-linux-amd64/jdk8u25/1514/hotspot/src/share/vm/prims/jvm.cpp, line 1312]

Events (10 events):
Event: 5311,867 Executing VM operation: RevokeBias done
Event: 5311,867 Thread 0x00007fa88802b800 Thread exited: 0x00007fa88802b800
Event: 5551,907 Thread 0x00007fa88802b800 Thread added: 0x00007fa88802b800
Event: 5551,908 Executing VM operation: RevokeBias
Event: 5551,908 Executing VM operation: RevokeBias done
Event: 5551,908 Thread 0x00007fa88802b800 Thread exited: 0x00007fa88802b800
Event: 5640,331 loading class sun/awt/X11/XDestroyWindowEvent
Event: 5640,370 loading class sun/awt/X11/XDestroyWindowEvent done
Event: 5640,704 loading class sun/awt/X11/XContentWindow$SavedExposeEvent
Event: 5640,704 loading class sun/awt/X11/XContentWindow$SavedExposeEvent done


Dynamic libraries:
00400000-00401000 r-xp 00000000 08:01 5113403                            /usr/lib/jvm/java-8-oracle/bin/java
00600000-00601000 rw-p 00000000 08:01 5113403                            /usr/lib/jvm/java-8-oracle/bin/java
009a1000-009e3000 rw-p 00000000 00:00 0                                  [heap]
88400000-8d400000 rw-p 00000000 00:00 0 
8d400000-d8180000 ---p 00000000 00:00 0 
d8180000-da980000 rw-p 00000000 00:00 0 
da980000-100000000 ---p 00000000 00:00 0 
100000000-100200000 rw-p 00000000 00:00 0 
100200000-140000000 ---p 00000000 00:00 0 
7fa86c000000-7fa86c021000 rw-p 00000000 00:00 0 
7fa86c021000-7fa870000000 ---p 00000000 00:00 0 
7fa874000000-7fa874021000 rw-p 00000000 00:00 0 
7fa874021000-7fa878000000 ---p 00000000 00:00 0 
7fa878000000-7fa878021000 rw-p 00000000 00:00 0 
7fa878021000-7fa87c000000 ---p 00000000 00:00 0 
7fa87c000000-7fa87c021000 rw-p 00000000 00:00 0 
7fa87c021000-7fa880000000 ---p 00000000 00:00 0 
7fa880000000-7fa880021000 rw-p 00000000 00:00 0 
7fa880021000-7fa884000000 ---p 00000000 00:00 0 
7fa884000000-7fa884025000 rw-p 00000000 00:00 0 
7fa884025000-7fa888000000 ---p 00000000 00:00 0 
7fa888000000-7fa88802e000 rw-p 00000000 00:00 0 
7fa88802e000-7fa88c000000 ---p 00000000 00:00 0 
7fa88c000000-7fa88c021000 rw-p 00000000 00:00 0 
7fa88c021000-7fa890000000 ---p 00000000 00:00 0 
7fa890000000-7fa890021000 rw-p 00000000 00:00 0 
7fa890021000-7fa894000000 ---p 00000000 00:00 0 
7fa894000000-7fa894021000 rw-p 00000000 00:00 0 
7fa894021000-7fa898000000 ---p 00000000 00:00 0 
7fa898000000-7fa898311000 rw-p 00000000 00:00 0 
7fa898311000-7fa89c000000 ---p 00000000 00:00 0 
7fa89c000000-7fa89c2ad000 rw-p 00000000 00:00 0 
7fa89c2ad000-7fa8a0000000 ---p 00000000 00:00 0 
7fa8a0000000-7fa8a0023000 rw-p 00000000 00:00 0 
7fa8a0023000-7fa8a4000000 ---p 00000000 00:00 0 
7fa8a4000000-7fa8a4021000 rw-p 00000000 00:00 0 
7fa8a4021000-7fa8a8000000 ---p 00000000 00:00 0 
7fa8a8000000-7fa8a8021000 rw-p 00000000 00:00 0 
7fa8a8021000-7fa8ac000000 ---p 00000000 00:00 0 
7fa8ac000000-7fa8ac6ba000 rw-p 00000000 00:00 0 
7fa8ac6ba000-7fa8b0000000 ---p 00000000 00:00 0 
7fa8b0000000-7fa8b0021000 rw-p 00000000 00:00 0 
7fa8b0021000-7fa8b4000000 ---p 00000000 00:00 0 
7fa8b4000000-7fa8b41aa000 rw-p 00000000 00:00 0 
7fa8b41aa000-7fa8b8000000 ---p 00000000 00:00 0 
7fa8b8000000-7fa8b8109000 rw-p 00000000 00:00 0 
7fa8b8109000-7fa8bc000000 ---p 00000000 00:00 0 
7fa8bc000000-7fa8bc021000 rw-p 00000000 00:00 0 
7fa8bc021000-7fa8c0000000 ---p 00000000 00:00 0 
7fa8c1fc9000-7fa8c1fcc000 ---p 00000000 00:00 0 
7fa8c1fcc000-7fa8c20ca000 rw-p 00000000 00:00 0 
7fa8c20ca000-7fa8c20cd000 ---p 00000000 00:00 0 
7fa8c20cd000-7fa8c21cb000 rw-p 00000000 00:00 0                          [stack:3286]
7fa8c21cb000-7fa8c21ce000 ---p 00000000 00:00 0 
7fa8c21ce000-7fa8c22cc000 rw-p 00000000 00:00 0                          [stack:3282]
7fa8c22cc000-7fa8c22cf000 ---p 00000000 00:00 0 
7fa8c22cf000-7fa8c23cd000 rw-p 00000000 00:00 0                          [stack:3051]
7fa8c23cd000-7fa8c23d0000 ---p 00000000 00:00 0 
7fa8c23d0000-7fa8c24ce000 rw-p 00000000 00:00 0                          [stack:1352]
7fa8c24ce000-7fa8c24d1000 ---p 00000000 00:00 0 
7fa8c24d1000-7fa8c260f000 rw-p 00000000 00:00 0                          [stack:30763]
7fa8c260f000-7fa8c27cf000 ---p 00000000 00:00 0 
7fa8c27cf000-7fa8c27d2000 ---p 00000000 00:00 0 
7fa8c27d2000-7fa8c28d0000 rw-p 00000000 00:00 0                          [stack:30758]
7fa8c28d0000-7fa8c28d3000 ---p 00000000 00:00 0 
7fa8c28d3000-7fa8c29d1000 rw-p 00000000 00:00 0                          [stack:30230]
7fa8c29d1000-7fa8c29d4000 ---p 00000000 00:00 0 
7fa8c29d4000-7fa8c2ad2000 rw-p 00000000 00:00 0                          [stack:30101]
7fa8c2ad2000-7fa8c2ad5000 ---p 00000000 00:00 0 
7fa8c2ad5000-7fa8c2bd3000 rw-p 00000000 00:00 0                          [stack:29808]
7fa8c2bd3000-7fa8c2bd6000 ---p 00000000 00:00 0 
7fa8c2bd6000-7fa8c2cd4000 rw-p 00000000 00:00 0                          [stack:29695]
7fa8c2cd4000-7fa8c2cd7000 ---p 00000000 00:00 0 
7fa8c2cd7000-7fa8c2dd5000 rw-p 00000000 00:00 0                          [stack:29649]
7fa8c2dd5000-7fa8c2dd8000 ---p 00000000 00:00 0 
7fa8c2dd8000-7fa8c2ed6000 rw-p 00000000 00:00 0                          [stack:29338]
7fa8c2ed6000-7fa8c2ed9000 ---p 00000000 00:00 0 
7fa8c2ed9000-7fa8c2fd7000 rw-p 00000000 00:00 0                          [stack:29292]
7fa8c2fd7000-7fa8c2fda000 ---p 00000000 00:00 0 
7fa8c2fda000-7fa8c30d8000 rw-p 00000000 00:00 0                          [stack:29288]
7fa8c30d8000-7fa8c30db000 ---p 00000000 00:00 0 
7fa8c30db000-7fa8c31d9000 rw-p 00000000 00:00 0                          [stack:29253]
7fa8c31d9000-7fa8c31dc000 ---p 00000000 00:00 0 
7fa8c31dc000-7fa8c32da000 rw-p 00000000 00:00 0                          [stack:29132]
7fa8c32da000-7fa8c32dd000 ---p 00000000 00:00 0 
7fa8c32dd000-7fa8c33db000 rw-p 00000000 00:00 0                          [stack:29079]
7fa8c33db000-7fa8c33de000 ---p 00000000 00:00 0 
7fa8c33de000-7fa8c34dc000 rw-p 00000000 00:00 0                          [stack:29074]
7fa8c34dc000-7fa8c34df000 ---p 00000000 00:00 0 
7fa8c34df000-7fa8c35dd000 rw-p 00000000 00:00 0                          [stack:28928]
7fa8c35dd000-7fa8c35e0000 ---p 00000000 00:00 0 
7fa8c35e0000-7fa8c36de000 rw-p 00000000 00:00 0                          [stack:27182]
7fa8c36de000-7fa8c36e1000 ---p 00000000 00:00 0 
7fa8c36e1000-7fa8c37df000 rw-p 00000000 00:00 0                          [stack:27139]
7fa8c37df000-7fa8c37e2000 ---p 00000000 00:00 0 
7fa8c37e2000-7fa8c38e0000 rw-p 00000000 00:00 0                          [stack:27133]
7fa8c38e0000-7fa8c38e3000 ---p 00000000 00:00 0 
7fa8c38e3000-7fa8c39e1000 rw-p 00000000 00:00 0                          [stack:26212]
7fa8c39e1000-7fa8c39e4000 ---p 00000000 00:00 0 
7fa8c39e4000-7fa8c3ae2000 rw-p 00000000 00:00 0                          [stack:26181]
7fa8c3ae2000-7fa8c3ae5000 ---p 00000000 00:00 0 
7fa8c3ae5000-7fa8c3be3000 rw-p 00000000 00:00 0                          [stack:26179]
7fa8c3be3000-7fa8c3be6000 ---p 00000000 00:00 0 
7fa8c3be6000-7fa8c3ce4000 rw-p 00000000 00:00 0                          [stack:26178]
7fa8c3ce4000-7fa8c3cfb000 r-xp 00000000 08:01 8389906                    /lib/x86_64-linux-gnu/libresolv-2.19.so
7fa8c3cfb000-7fa8c3efb000 ---p 00017000 08:01 8389906                    /lib/x86_64-linux-gnu/libresolv-2.19.so
7fa8c3efb000-7fa8c3efc000 r--p 00017000 08:01 8389906                    /lib/x86_64-linux-gnu/libresolv-2.19.so
7fa8c3efc000-7fa8c3efd000 rw-p 00018000 08:01 8389906                    /lib/x86_64-linux-gnu/libresolv-2.19.so
7fa8c3efd000-7fa8c3eff000 rw-p 00000000 00:00 0 
7fa8c3eff000-7fa8c3f02000 ---p 00000000 00:00 0 
7fa8c3f02000-7fa8c4000000 rw-p 00000000 00:00 0                          [stack:26019]
7fa8c4000000-7fa8c4021000 rw-p 00000000 00:00 0 
7fa8c4021000-7fa8c8000000 ---p 00000000 00:00 0 
7fa8c80a2000-7fa8c80a5000 ---p 00000000 00:00 0 
7fa8c80a5000-7fa8c81a3000 rw-p 00000000 00:00 0                          [stack:26177]
7fa8c81a3000-7fa8c81a8000 r-xp 00000000 08:01 8389911                    /lib/x86_64-linux-gnu/libnss_dns-2.19.so
7fa8c81a8000-7fa8c83a7000 ---p 00005000 08:01 8389911                    /lib/x86_64-linux-gnu/libnss_dns-2.19.so
7fa8c83a7000-7fa8c83a8000 r--p 00004000 08:01 8389911                    /lib/x86_64-linux-gnu/libnss_dns-2.19.so
7fa8c83a8000-7fa8c83a9000 rw-p 00005000 08:01 8389911                    /lib/x86_64-linux-gnu/libnss_dns-2.19.so
7fa8c83a9000-7fa8c83ab000 r-xp 00000000 08:01 8392663                    /lib/x86_64-linux-gnu/libnss_mdns4_minimal.so.2
7fa8c83ab000-7fa8c85aa000 ---p 00002000 08:01 8392663                    /lib/x86_64-linux-gnu/libnss_mdns4_minimal.so.2
7fa8c85aa000-7fa8c85ab000 r--p 00001000 08:01 8392663                    /lib/x86_64-linux-gnu/libnss_mdns4_minimal.so.2
7fa8c85ab000-7fa8c85ac000 rw-p 00002000 08:01 8392663                    /lib/x86_64-linux-gnu/libnss_mdns4_minimal.so.2
7fa8c85ac000-7fa8c85de000 r-xp 00000000 08:01 5637798                    /usr/lib/jvm/java-8-oracle/jre/lib/amd64/libsunec.so
7fa8c85de000-7fa8c87dd000 ---p 00032000 08:01 5637798                    /usr/lib/jvm/java-8-oracle/jre/lib/amd64/libsunec.so
7fa8c87dd000-7fa8c87e3000 rw-p 00031000 08:01 5637798                    /usr/lib/jvm/java-8-oracle/jre/lib/amd64/libsunec.so
7fa8c87e3000-7fa8c89f3000 rw-p 00000000 00:00 0 
7fa8c89f3000-7fa8c89f6000 ---p 00000000 00:00 0 
7fa8c89f6000-7fa8c8cf4000 rw-p 00000000 00:00 0                          [stack:26176]
7fa8c8cf4000-7fa8c8d5d000 r-xp 00000000 08:01 5637811                    /usr/lib/jvm/java-8-oracle/jre/lib/amd64/libt2k.so
7fa8c8d5d000-7fa8c8f5c000 ---p 00069000 08:01 5637811                    /usr/lib/jvm/java-8-oracle/jre/lib/amd64/libt2k.so
7fa8c8f5c000-7fa8c8f63000 rw-p 00068000 08:01 5637811                    /usr/lib/jvm/java-8-oracle/jre/lib/amd64/libt2k.so
7fa8c8f63000-7fa8c8f73000 rw-p 00000000 00:00 0 
7fa8c8f73000-7fa8c8f84000 r-xp 00000000 08:01 5637835                    /usr/lib/jvm/java-8-oracle/jre/lib/amd64/libnio.so
7fa8c8f84000-7fa8c9183000 ---p 00011000 08:01 5637835                    /usr/lib/jvm/java-8-oracle/jre/lib/amd64/libnio.so
7fa8c9183000-7fa8c9184000 rw-p 00010000 08:01 5637835                    /usr/lib/jvm/java-8-oracle/jre/lib/amd64/libnio.so
7fa8c9184000-7fa8c919a000 r-xp 00000000 08:01 5637820                    /usr/lib/jvm/java-8-oracle/jre/lib/amd64/libnet.so
7fa8c919a000-7fa8c939a000 ---p 00016000 08:01 5637820                    /usr/lib/jvm/java-8-oracle/jre/lib/amd64/libnet.so
7fa8c939a000-7fa8c939b000 rw-p 00016000 08:01 5637820                    /usr/lib/jvm/java-8-oracle/jre/lib/amd64/libnet.so
7fa8c939b000-7fa8c959b000 rw-p 00000000 00:00 0 
7fa8c959b000-7fa8c959e000 ---p 00000000 00:00 0 
7fa8c959e000-7fa8c969c000 rw-p 00000000 00:00 0                          [stack:26031]
7fa8c969c000-7fa8c969f000 ---p 00000000 00:00 0 
7fa8c969f000-7fa8c979d000 rw-p 00000000 00:00 0                          [stack:26030]
7fa8c979d000-7fa8c97a0000 ---p 00000000 00:00 0 
7fa8c97a0000-7fa8c989e000 rw-p 00000000 00:00 0                          [stack:26192]
7fa8c989e000-7fa8c98a1000 ---p 00000000 00:00 0 
7fa8c98a1000-7fa8c999f000 rw-p 00000000 00:00 0                          [stack:26027]
7fa8c999f000-7fa8c99a4000 r-xp 00000000 08:01 5119930                    /usr/lib/x86_64-linux-gnu/libXfixes.so.3.1.0
7fa8c99a4000-7fa8c9ba3000 ---p 00005000 08:01 5119930                    /usr/lib/x86_64-linux-gnu/libXfixes.so.3.1.0
7fa8c9ba3000-7fa8c9ba4000 r--p 00004000 08:01 5119930                    /usr/lib/x86_64-linux-gnu/libXfixes.so.3.1.0
7fa8c9ba4000-7fa8c9ba5000 rw-p 00005000 08:01 5119930                    /usr/lib/x86_64-linux-gnu/libXfixes.so.3.1.0
7fa8c9ba5000-7fa8c9bae000 r-xp 00000000 08:01 5119922                    /usr/lib/x86_64-linux-gnu/libXcursor.so.1.0.2
7fa8c9bae000-7fa8c9dad000 ---p 00009000 08:01 5119922                    /usr/lib/x86_64-linux-gnu/libXcursor.so.1.0.2
7fa8c9dad000-7fa8c9dae000 r--p 00008000 08:01 5119922                    /usr/lib/x86_64-linux-gnu/libXcursor.so.1.0.2
7fa8c9dae000-7fa8c9daf000 rw-p 00009000 08:01 5119922                    /usr/lib/x86_64-linux-gnu/libXcursor.so.1.0.2
7fa8c9daf000-7fa8c9db2000 ---p 00000000 00:00 0 
7fa8c9db2000-7fa8c9eb0000 rw-p 00000000 00:00 0                          [stack:26026]
7fa8c9eb0000-7fa8c9ec6000 r-xp 00000000 08:01 8389587                    /lib/x86_64-linux-gnu/libgcc_s.so.1
7fa8c9ec6000-7fa8ca0c5000 ---p 00016000 08:01 8389587                    /lib/x86_64-linux-gnu/libgcc_s.so.1
7fa8ca0c5000-7fa8ca0c6000 rw-p 00015000 08:01 8389587                    /lib/x86_64-linux-gnu/libgcc_s.so.1
7fa8ca0c6000-7fa8ca12a000 r-xp 00000000 08:01 5637803                    /usr/lib/jvm/java-8-oracle/jre/lib/amd64/libfontmanager.so
7fa8ca12a000-7fa8ca32a000 ---p 00064000 08:01 5637803                    /usr/lib/jvm/java-8-oracle/jre/lib/amd64/libfontmanager.so
7fa8ca32a000-7fa8ca32e000 rw-p 00064000 08:01 5637803                    /usr/lib/jvm/java-8-oracle/jre/lib/amd64/libfontmanager.so
7fa8ca32e000-7fa8ca33f000 rw-p 00000000 00:00 0 
7fa8ca33f000-7fa8ca344000 r-xp 00000000 08:01 5119926                    /usr/lib/x86_64-linux-gnu/libXdmcp.so.6.0.0
7fa8ca344000-7fa8ca543000 ---p 00005000 08:01 5119926                    /usr/lib/x86_64-linux-gnu/libXdmcp.so.6.0.0
7fa8ca543000-7fa8ca544000 r--p 00004000 08:01 5119926                    /usr/lib/x86_64-linux-gnu/libXdmcp.so.6.0.0
7fa8ca544000-7fa8ca545000 rw-p 00005000 08:01 5119926                    /usr/lib/x86_64-linux-gnu/libXdmcp.so.6.0.0
7fa8ca545000-7fa8ca547000 r-xp 00000000 08:01 5119915                    /usr/lib/x86_64-linux-gnu/libXau.so.6.0.0
7fa8ca547000-7fa8ca747000 ---p 00002000 08:01 5119915                    /usr/lib/x86_64-linux-gnu/libXau.so.6.0.0
7fa8ca747000-7fa8ca748000 r--p 00002000 08:01 5119915                    /usr/lib/x86_64-linux-gnu/libXau.so.6.0.0
7fa8ca748000-7fa8ca749000 rw-p 00003000 08:01 5119915                    /usr/lib/x86_64-linux-gnu/libXau.so.6.0.0
7fa8ca749000-7fa8ca766000 r-xp 00000000 08:01 5120983                    /usr/lib/x86_64-linux-gnu/libxcb.so.1.1.0
7fa8ca766000-7fa8ca966000 ---p 0001d000 08:01 5120983                    /usr/lib/x86_64-linux-gnu/libxcb.so.1.1.0
7fa8ca966000-7fa8ca967000 r--p 0001d000 08:01 5120983                    /usr/lib/x86_64-linux-gnu/libxcb.so.1.1.0
7fa8ca967000-7fa8ca968000 rw-p 0001e000 08:01 5120983                    /usr/lib/x86_64-linux-gnu/libxcb.so.1.1.0
7fa8ca968000-7fa8ca977000 r-xp 00000000 08:01 5119936                    /usr/lib/x86_64-linux-gnu/libXi.so.6.1.0
7fa8ca977000-7fa8cab76000 ---p 0000f000 08:01 5119936                    /usr/lib/x86_64-linux-gnu/libXi.so.6.1.0
7fa8cab76000-7fa8cab77000 r--p 0000e000 08:01 5119936                    /usr/lib/x86_64-linux-gnu/libXi.so.6.1.0
7fa8cab77000-7fa8cab78000 rw-p 0000f000 08:01 5119936                    /usr/lib/x86_64-linux-gnu/libXi.so.6.1.0
7fa8cab78000-7fa8cab7d000 r-xp 00000000 08:01 5119956                    /usr/lib/x86_64-linux-gnu/libXtst.so.6.1.0
7fa8cab7d000-7fa8cad7c000 ---p 00005000 08:01 5119956                    /usr/lib/x86_64-linux-gnu/libXtst.so.6.1.0
7fa8cad7c000-7fa8cad7d000 r--p 00004000 08:01 5119956                    /usr/lib/x86_64-linux-gnu/libXtst.so.6.1.0
7fa8cad7d000-7fa8cad7e000 rw-p 00005000 08:01 5119956                    /usr/lib/x86_64-linux-gnu/libXtst.so.6.1.0
7fa8cad7e000-7fa8cad87000 r-xp 00000000 08:01 5119950                    /usr/lib/x86_64-linux-gnu/libXrender.so.1.3.0
7fa8cad87000-7fa8caf86000 ---p 00009000 08:01 5119950                    /usr/lib/x86_64-linux-gnu/libXrender.so.1.3.0
7fa8caf86000-7fa8caf87000 r--p 00008000 08:01 5119950                    /usr/lib/x86_64-linux-gnu/libXrender.so.1.3.0
7fa8caf87000-7fa8caf88000 rw-p 00009000 08:01 5119950                    /usr/lib/x86_64-linux-gnu/libXrender.so.1.3.0
7fa8caf88000-7fa8cb0b8000 r-xp 00000000 08:01 5119911                    /usr/lib/x86_64-linux-gnu/libX11.so.6.3.0
7fa8cb0b8000-7fa8cb2b8000 ---p 00130000 08:01 5119911                    /usr/lib/x86_64-linux-gnu/libX11.so.6.3.0
7fa8cb2b8000-7fa8cb2b9000 r--p 00130000 08:01 5119911                    /usr/lib/x86_64-linux-gnu/libX11.so.6.3.0
7fa8cb2b9000-7fa8cb2bd000 rw-p 00131000 08:01 5119911                    /usr/lib/x86_64-linux-gnu/libX11.so.6.3.0
7fa8cb2bd000-7fa8cb2ce000 r-xp 00000000 08:01 5119928                    /usr/lib/x86_64-linux-gnu/libXext.so.6.4.0
7fa8cb2ce000-7fa8cb4cd000 ---p 00011000 08:01 5119928                    /usr/lib/x86_64-linux-gnu/libXext.so.6.4.0
7fa8cb4cd000-7fa8cb4ce000 r--p 00010000 08:01 5119928                    /usr/lib/x86_64-linux-gnu/libXext.so.6.4.0
7fa8cb4ce000-7fa8cb4cf000 rw-p 00011000 08:01 5119928                    /usr/lib/x86_64-linux-gnu/libXext.so.6.4.0
7fa8cb4cf000-7fa8cb523000 r-xp 00000000 08:01 5637832                    /usr/lib/jvm/java-8-oracle/jre/lib/amd64/libawt_xawt.so
7fa8cb523000-7fa8cb723000 ---p 00054000 08:01 5637832                    /usr/lib/jvm/java-8-oracle/jre/lib/amd64/libawt_xawt.so
7fa8cb723000-7fa8cb727000 rw-p 00054000 08:01 5637832                    /usr/lib/jvm/java-8-oracle/jre/lib/amd64/libawt_xawt.so
7fa8cb727000-7fa8cb728000 rw-p 00000000 00:00 0 
7fa8cb728000-7fa8cb7ca000 r-xp 00000000 08:01 5637813                    /usr/lib/jvm/java-8-oracle/jre/lib/amd64/libawt.so
7fa8cb7ca000-7fa8cb9ca000 ---p 000a2000 08:01 5637813                    /usr/lib/jvm/java-8-oracle/jre/lib/amd64/libawt.so
7fa8cb9ca000-7fa8cb9d6000 rw-p 000a2000 08:01 5637813                    /usr/lib/jvm/java-8-oracle/jre/lib/amd64/libawt.so
7fa8cb9d6000-7fa8cb9fa000 rw-p 00000000 00:00 0 
7fa8cb9fa000-7fa8cb9fb000 ---p 00000000 00:00 0 
7fa8cb9fb000-7fa8cbafb000 rw-p 00000000 00:00 0                          [stack:26025]
7fa8cbafb000-7fa8cbafe000 ---p 00000000 00:00 0 
7fa8cbafe000-7fa8cbbfc000 rw-p 00000000 00:00 0                          [stack:26024]
7fa8cbbfc000-7fa8cbbff000 ---p 00000000 00:00 0 
7fa8cbbff000-7fa8cbcfd000 rw-p 00000000 00:00 0                          [stack:26023]
7fa8cbcfd000-7fa8cbd00000 ---p 00000000 00:00 0 
7fa8cbd00000-7fa8cbdfe000 rw-p 00000000 00:00 0                          [stack:26022]
7fa8cbdfe000-7fa8cbe01000 ---p 00000000 00:00 0 
7fa8cbe01000-7fa8cbeff000 rw-p 00000000 00:00 0                          [stack:26021]
7fa8cbeff000-7fa8cbf02000 ---p 00000000 00:00 0 
7fa8cbf02000-7fa8cc000000 rw-p 00000000 00:00 0                          [stack:26018]
7fa8cc000000-7fa8cc021000 rw-p 00000000 00:00 0 
7fa8cc021000-7fa8d0000000 ---p 00000000 00:00 0 
7fa8d0000000-7fa8d0021000 rw-p 00000000 00:00 0 
7fa8d0021000-7fa8d4000000 ---p 00000000 00:00 0 
7fa8d4000000-7fa8d4021000 rw-p 00000000 00:00 0 
7fa8d4021000-7fa8d8000000 ---p 00000000 00:00 0 
7fa8d8000000-7fa8d8021000 rw-p 00000000 00:00 0 
7fa8d8021000-7fa8dc000000 ---p 00000000 00:00 0 
7fa8dc000000-7fa8dc021000 rw-p 00000000 00:00 0 
7fa8dc021000-7fa8e0000000 ---p 00000000 00:00 0 
7fa8e0000000-7fa8e00c0000 rw-p 00000000 00:00 0 
7fa8e00c0000-7fa8e4000000 ---p 00000000 00:00 0 
7fa8e4000000-7fa8e4021000 rw-p 00000000 00:00 0 
7fa8e4021000-7fa8e8000000 ---p 00000000 00:00 0 
7fa8e8000000-7fa8e8021000 rw-p 00000000 00:00 0 
7fa8e8021000-7fa8ec000000 ---p 00000000 00:00 0 
7fa8ec000000-7fa8ec021000 rw-p 00000000 00:00 0 
7fa8ec021000-7fa8f0000000 ---p 00000000 00:00 0 
7fa8f00a6000-7fa8f00b9000 r--s 00344000 08:01 5379845                    /usr/lib/jvm/java-8-oracle/jre/lib/resources.jar
7fa8f00b9000-7fa8f00ea000 rw-p 00000000 00:00 0 
7fa8f00ea000-7fa8f00ed000 ---p 00000000 00:00 0 
7fa8f00ed000-7fa8f01eb000 rw-p 00000000 00:00 0                          [stack:26015]
7fa8f01eb000-7fa8f01ef000 r-xp 00000000 08:01 5637788                    /usr/lib/jvm/java-8-oracle/jre/lib/amd64/libdt_socket.so
7fa8f01ef000-7fa8f03ee000 ---p 00004000 08:01 5637788                    /usr/lib/jvm/java-8-oracle/jre/lib/amd64/libdt_socket.so
7fa8f03ee000-7fa8f03ef000 rw-p 00003000 08:01 5637788                    /usr/lib/jvm/java-8-oracle/jre/lib/amd64/libdt_socket.so
7fa8f03ef000-7fa8f03f2000 ---p 00000000 00:00 0 
7fa8f03f2000-7fa8f04f0000 rw-p 00000000 00:00 0                          [stack:26013]
7fa8f04f0000-7fa8f04f3000 ---p 00000000 00:00 0 
7fa8f04f3000-7fa8f05f1000 rw-p 00000000 00:00 0                          [stack:26012]
7fa8f05f1000-7fa8f05f4000 ---p 00000000 00:00 0 
7fa8f05f4000-7fa8f06f2000 rw-p 00000000 00:00 0                          [stack:26011]
7fa8f06f2000-7fa8f06f3000 ---p 00000000 00:00 0 
7fa8f06f3000-7fa8f5000000 rw-p 00000000 00:00 0                          [stack:26010]
7fa8f5000000-7fa8f5560000 rwxp 00000000 00:00 0 
7fa8f5560000-7fa904000000 ---p 00000000 00:00 0 
7fa904000000-7fa90430d000 rw-p 00000000 00:00 0 
7fa90430d000-7fa908000000 ---p 00000000 00:00 0 
7fa90800e000-7fa9083c3000 rw-p 00000000 00:00 0 
7fa9083c3000-7fa908599000 r--s 03caa000 08:01 5379841                    /usr/lib/jvm/java-8-oracle/jre/lib/rt.jar
7fa908599000-7fa9091cd000 rw-p 00000000 00:00 0 
7fa9091cd000-7fa9091ce000 ---p 00000000 00:00 0 
7fa9091ce000-7fa9092ce000 rw-p 00000000 00:00 0                          [stack:26008]
7fa9092ce000-7fa9092cf000 ---p 00000000 00:00 0 
7fa9092cf000-7fa9093cf000 rw-p 00000000 00:00 0                          [stack:26007]
7fa9093cf000-7fa9093d0000 ---p 00000000 00:00 0 
7fa9093d0000-7fa9094d0000 rw-p 00000000 00:00 0                          [stack:26006]
7fa9094d0000-7fa9094d1000 ---p 00000000 00:00 0 
7fa9094d1000-7fa9095f9000 rw-p 00000000 00:00 0                          [stack:26005]
7fa9095f9000-7fa909850000 ---p 00000000 00:00 0 
7fa909850000-7fa909878000 rw-p 00000000 00:00 0 
7fa909878000-7fa909ace000 ---p 00000000 00:00 0 
7fa909ace000-7fa909ae3000 rw-p 00000000 00:00 0 
7fa909ae3000-7fa909c0e000 ---p 00000000 00:00 0 
7fa909c0e000-7fa909c25000 rw-p 00000000 00:00 0 
7fa909c25000-7fa909fcf000 ---p 00000000 00:00 0 
7fa909fcf000-7fa909fe9000 r-xp 00000000 08:01 5637802                    /usr/lib/jvm/java-8-oracle/jre/lib/amd64/libzip.so
7fa909fe9000-7fa90a1e9000 ---p 0001a000 08:01 5637802                    /usr/lib/jvm/java-8-oracle/jre/lib/amd64/libzip.so
7fa90a1e9000-7fa90a1ea000 rw-p 0001a000 08:01 5637802                    /usr/lib/jvm/java-8-oracle/jre/lib/amd64/libzip.so
7fa90a1ea000-7fa90a1f5000 r-xp 00000000 08:01 8389920                    /lib/x86_64-linux-gnu/libnss_files-2.19.so
7fa90a1f5000-7fa90a3f4000 ---p 0000b000 08:01 8389920                    /lib/x86_64-linux-gnu/libnss_files-2.19.so
7fa90a3f4000-7fa90a3f5000 r--p 0000a000 08:01 8389920                    /lib/x86_64-linux-gnu/libnss_files-2.19.so
7fa90a3f5000-7fa90a3f6000 rw-p 0000b000 08:01 8389920                    /lib/x86_64-linux-gnu/libnss_files-2.19.so
7fa90a3f6000-7fa90a401000 r-xp 00000000 08:01 8389921                    /lib/x86_64-linux-gnu/libnss_nis-2.19.so
7fa90a401000-7fa90a600000 ---p 0000b000 08:01 8389921                    /lib/x86_64-linux-gnu/libnss_nis-2.19.so
7fa90a600000-7fa90a601000 r--p 0000a000 08:01 8389921                    /lib/x86_64-linux-gnu/libnss_nis-2.19.so
7fa90a601000-7fa90a602000 rw-p 0000b000 08:01 8389921                    /lib/x86_64-linux-gnu/libnss_nis-2.19.so
7fa90a602000-7fa90a619000 r-xp 00000000 08:01 8389907                    /lib/x86_64-linux-gnu/libnsl-2.19.so
7fa90a619000-7fa90a818000 ---p 00017000 08:01 8389907                    /lib/x86_64-linux-gnu/libnsl-2.19.so
7fa90a818000-7fa90a819000 r--p 00016000 08:01 8389907                    /lib/x86_64-linux-gnu/libnsl-2.19.so
7fa90a819000-7fa90a81a000 rw-p 00017000 08:01 8389907                    /lib/x86_64-linux-gnu/libnsl-2.19.so
7fa90a81a000-7fa90a81c000 rw-p 00000000 00:00 0 
7fa90a81c000-7fa90a825000 r-xp 00000000 08:01 8389904                    /lib/x86_64-linux-gnu/libnss_compat-2.19.so
7fa90a825000-7fa90aa24000 ---p 00009000 08:01 8389904                    /lib/x86_64-linux-gnu/libnss_compat-2.19.so
7fa90aa24000-7fa90aa25000 r--p 00008000 08:01 8389904                    /lib/x86_64-linux-gnu/libnss_compat-2.19.so
7fa90aa25000-7fa90aa26000 rw-p 00009000 08:01 8389904                    /lib/x86_64-linux-gnu/libnss_compat-2.19.so
7fa90aa26000-7fa90b109000 r--p 00000000 08:01 5118902                    /usr/lib/locale/locale-archive
7fa90b109000-7fa90b10b000 r-xp 00000000 08:01 5637777                    /usr/lib/jvm/java-8-oracle/jre/lib/amd64/libnpt.so
7fa90b10b000-7fa90b30b000 ---p 00002000 08:01 5637777                    /usr/lib/jvm/java-8-oracle/jre/lib/amd64/libnpt.so
7fa90b30b000-7fa90b30c000 rw-p 00002000 08:01 5637777                    /usr/lib/jvm/java-8-oracle/jre/lib/amd64/libnpt.so
7fa90b30c000-7fa90b345000 r-xp 00000000 08:01 5637796                    /usr/lib/jvm/java-8-oracle/jre/lib/amd64/libjdwp.so
7fa90b345000-7fa90b544000 ---p 00039000 08:01 5637796                    /usr/lib/jvm/java-8-oracle/jre/lib/amd64/libjdwp.so
7fa90b544000-7fa90b546000 rw-p 00038000 08:01 5637796                    /usr/lib/jvm/java-8-oracle/jre/lib/amd64/libjdwp.so
7fa90b546000-7fa90b570000 r-xp 00000000 08:01 5637831                    /usr/lib/jvm/java-8-oracle/jre/lib/amd64/libjava.so
7fa90b570000-7fa90b770000 ---p 0002a000 08:01 5637831                    /usr/lib/jvm/java-8-oracle/jre/lib/amd64/libjava.so
7fa90b770000-7fa90b772000 rw-p 0002a000 08:01 5637831                    /usr/lib/jvm/java-8-oracle/jre/lib/amd64/libjava.so
7fa90b772000-7fa90b77f000 r-xp 00000000 08:01 5637790                    /usr/lib/jvm/java-8-oracle/jre/lib/amd64/libverify.so
7fa90b77f000-7fa90b97f000 ---p 0000d000 08:01 5637790                    /usr/lib/jvm/java-8-oracle/jre/lib/amd64/libverify.so
7fa90b97f000-7fa90b981000 rw-p 0000d000 08:01 5637790                    /usr/lib/jvm/java-8-oracle/jre/lib/amd64/libverify.so
7fa90b981000-7fa90b988000 r-xp 00000000 08:01 8389909                    /lib/x86_64-linux-gnu/librt-2.19.so
7fa90b988000-7fa90bb87000 ---p 00007000 08:01 8389909                    /lib/x86_64-linux-gnu/librt-2.19.so
7fa90bb87000-7fa90bb88000 r--p 00006000 08:01 8389909                    /lib/x86_64-linux-gnu/librt-2.19.so
7fa90bb88000-7fa90bb89000 rw-p 00007000 08:01 8389909                    /lib/x86_64-linux-gnu/librt-2.19.so
7fa90bb89000-7fa90bc8e000 r-xp 00000000 08:01 8389916                    /lib/x86_64-linux-gnu/libm-2.19.so
7fa90bc8e000-7fa90be8d000 ---p 00105000 08:01 8389916                    /lib/x86_64-linux-gnu/libm-2.19.so
7fa90be8d000-7fa90be8e000 r--p 00104000 08:01 8389916                    /lib/x86_64-linux-gnu/libm-2.19.so
7fa90be8e000-7fa90be8f000 rw-p 00105000 08:01 8389916                    /lib/x86_64-linux-gnu/libm-2.19.so
7fa90be8f000-7fa90cafc000 r-xp 00000000 08:01 5637829                    /usr/lib/jvm/java-8-oracle/jre/lib/amd64/server/libjvm.so
7fa90cafc000-7fa90ccfb000 ---p 00c6d000 08:01 5637829                    /usr/lib/jvm/java-8-oracle/jre/lib/amd64/server/libjvm.so
7fa90ccfb000-7fa90cdd1000 rw-p 00c6c000 08:01 5637829                    /usr/lib/jvm/java-8-oracle/jre/lib/amd64/server/libjvm.so
7fa90cdd1000-7fa90ce14000 rw-p 00000000 00:00 0 
7fa90ce14000-7fa90cfcf000 r-xp 00000000 08:01 8389913                    /lib/x86_64-linux-gnu/libc-2.19.so
7fa90cfcf000-7fa90d1cf000 ---p 001bb000 08:01 8389913                    /lib/x86_64-linux-gnu/libc-2.19.so
7fa90d1cf000-7fa90d1d3000 r--p 001bb000 08:01 8389913                    /lib/x86_64-linux-gnu/libc-2.19.so
7fa90d1d3000-7fa90d1d5000 rw-p 001bf000 08:01 8389913                    /lib/x86_64-linux-gnu/libc-2.19.so
7fa90d1d5000-7fa90d1da000 rw-p 00000000 00:00 0 
7fa90d1da000-7fa90d1dd000 r-xp 00000000 08:01 8389925                    /lib/x86_64-linux-gnu/libdl-2.19.so
7fa90d1dd000-7fa90d3dc000 ---p 00003000 08:01 8389925                    /lib/x86_64-linux-gnu/libdl-2.19.so
7fa90d3dc000-7fa90d3dd000 r--p 00002000 08:01 8389925                    /lib/x86_64-linux-gnu/libdl-2.19.so
7fa90d3dd000-7fa90d3de000 rw-p 00003000 08:01 8389925                    /lib/x86_64-linux-gnu/libdl-2.19.so
7fa90d3de000-7fa90d3f3000 r-xp 00000000 08:01 5379686                    /usr/lib/jvm/java-8-oracle/lib/amd64/jli/libjli.so
7fa90d3f3000-7fa90d5f2000 ---p 00015000 08:01 5379686                    /usr/lib/jvm/java-8-oracle/lib/amd64/jli/libjli.so
7fa90d5f2000-7fa90d5f3000 rw-p 00014000 08:01 5379686                    /usr/lib/jvm/java-8-oracle/lib/amd64/jli/libjli.so
7fa90d5f3000-7fa90d60c000 r-xp 00000000 08:01 8389926                    /lib/x86_64-linux-gnu/libpthread-2.19.so
7fa90d60c000-7fa90d80b000 ---p 00019000 08:01 8389926                    /lib/x86_64-linux-gnu/libpthread-2.19.so
7fa90d80b000-7fa90d80c000 r--p 00018000 08:01 8389926                    /lib/x86_64-linux-gnu/libpthread-2.19.so
7fa90d80c000-7fa90d80d000 rw-p 00019000 08:01 8389926                    /lib/x86_64-linux-gnu/libpthread-2.19.so
7fa90d80d000-7fa90d811000 rw-p 00000000 00:00 0 
7fa90d811000-7fa90d834000 r-xp 00000000 08:01 8389914                    /lib/x86_64-linux-gnu/ld-2.19.so
7fa90d835000-7fa90d837000 rw-p 00000000 00:00 0 
7fa90d837000-7fa90d83c000 r--s 0003f000 08:01 5379834                    /usr/lib/jvm/java-8-oracle/jre/lib/ext/sunjce_provider.jar
7fa90d83c000-7fa90d83f000 r--s 0003a000 08:01 5379835                    /usr/lib/jvm/java-8-oracle/jre/lib/ext/sunpkcs11.jar
7fa90d83f000-7fa90d843000 r--s 00093000 08:01 5379839                    /usr/lib/jvm/java-8-oracle/jre/lib/jsse.jar
7fa90d843000-7fa90d845000 r--s 0001a000 08:01 5379725                    /usr/lib/jvm/java-8-oracle/jre/lib/jce.jar
7fa90d845000-7fa90d847000 r--s 00018000 08:01 8785073                    /home/ykr/rea de Trabalho/Shogi/Shogi/lib/imagens.jar
7fa90d847000-7fa90d911000 rw-p 00000000 00:00 0 
7fa90d911000-7fa90d914000 ---p 00000000 00:00 0 
7fa90d914000-7fa90da16000 rw-p 00000000 00:00 0                          [stack:26004]
7fa90da16000-7fa90da17000 r--s 00009000 08:01 5379836                    /usr/lib/jvm/java-8-oracle/jre/lib/ext/sunec.jar
7fa90da17000-7fa90da22000 r--s 00072000 08:01 8784708                    /home/ykr/rea de Trabalho/Shogi/Shogi/netGames/ngnrtFramework.jar
7fa90da22000-7fa90da27000 r--s 002f8000 08:01 5379731                    /usr/lib/jvm/java-8-oracle/jre/lib/charsets.jar
7fa90da27000-7fa90da2f000 rw-s 00000000 08:01 4719852                    /tmp/hsperfdata_ykr/25999
7fa90da2f000-7fa90da30000 rw-p 00000000 00:00 0 
7fa90da30000-7fa90da31000 ---p 00000000 00:00 0 
7fa90da31000-7fa90da33000 rw-p 00000000 00:00 0 
7fa90da33000-7fa90da34000 r--p 00022000 08:01 8389914                    /lib/x86_64-linux-gnu/ld-2.19.so
7fa90da34000-7fa90da35000 rw-p 00023000 08:01 8389914                    /lib/x86_64-linux-gnu/ld-2.19.so
7fa90da35000-7fa90da36000 rw-p 00000000 00:00 0 
7fff669e1000-7fff66a02000 rw-p 00000000 00:00 0                          [stack]
7fff66afa000-7fff66afc000 r-xp 00000000 00:00 0                          [vdso]
ffffffffff600000-ffffffffff601000 r-xp 00000000 00:00 0                  [vsyscall]

VM Arguments:
jvm_args: -agentlib:jdwp=transport=dt_socket,suspend=y,address=localhost:49436 -Dfile.encoding=UTF-8 
java_command: Logica.Principal
java_class_path (initial): /home/ykr/rea de Trabalho/Shogi/Shogi/bin:/home/ykr/rea de Trabalho/Shogi/Shogi/netGames/ngnrtFramework.jar:/home/ykr/rea de Trabalho/Shogi/Shogi/netGames:/home/ykr/rea de Trabalho/Shogi/Shogi/lib/imagens.jar
Launcher Type: SUN_STANDARD

Environment Variables:
PATH=/usr/local/sbin:/usr/local/bin:/usr/sbin:/usr/bin:/sbin:/bin:/usr/games:/usr/local/games
SHELL=/bin/bash
DISPLAY=:0

Signal Handlers:
SIGSEGV: [libjvm.so+0xa79a80], sa_mask[0]=11111111011111111101111111111110, sa_flags=SA_RESTART|SA_SIGINFO
SIGBUS: [libjvm.so+0xa79a80], sa_mask[0]=11111111011111111101111111111110, sa_flags=SA_RESTART|SA_SIGINFO
SIGFPE: [libjvm.so+0x8e24e0], sa_mask[0]=11111111011111111101111111111110, sa_flags=SA_RESTART|SA_SIGINFO
SIGPIPE: [libjvm.so+0x8e24e0], sa_mask[0]=11111111011111111101111111111110, sa_flags=SA_RESTART|SA_SIGINFO
SIGXFSZ: [libjvm.so+0x8e24e0], sa_mask[0]=11111111011111111101111111111110, sa_flags=SA_RESTART|SA_SIGINFO
SIGILL: [libjvm.so+0x8e24e0], sa_mask[0]=11111111011111111101111111111110, sa_flags=SA_RESTART|SA_SIGINFO
SIGUSR1: SIG_DFL, sa_mask[0]=00000000000000000000000000000000, sa_flags=none
SIGUSR2: [libjvm.so+0x8e3d10], sa_mask[0]=00100000000000000000000000000000, sa_flags=SA_RESTART|SA_SIGINFO
SIGHUP: [libjvm.so+0x8e50d0], sa_mask[0]=11111111011111111101111111111110, sa_flags=SA_RESTART|SA_SIGINFO
SIGINT: [libjvm.so+0x8e50d0], sa_mask[0]=11111111011111111101111111111110, sa_flags=SA_RESTART|SA_SIGINFO
SIGTERM: [libjvm.so+0x8e50d0], sa_mask[0]=11111111011111111101111111111110, sa_flags=SA_RESTART|SA_SIGINFO
SIGQUIT: [libjvm.so+0x8e50d0], sa_mask[0]=11111111011111111101111111111110, sa_flags=SA_RESTART|SA_SIGINFO


---------------  S Y S T E M  ---------------

OS:DISTRIB_ID=Ubuntu
DISTRIB_RELEASE=14.04
DISTRIB_CODENAME=trusty
DISTRIB_DESCRIPTION="Ubuntu 14.04.1 LTS"

uname:Linux 3.13.0-32-generic #57-Ubuntu SMP Tue Jul 15 03:51:08 UTC 2014 x86_64
libc:glibc 2.19 NPTL 2.19 
rlimit: STACK 8192k, CORE 0k, NPROC 61094, NOFILE 4096, AS infinity
load average:2,79 1,34 0,99

/proc/meminfo:
MemTotal:        7841632 kB
MemFree:         4305852 kB
Buffers:          179716 kB
Cached:          2874924 kB
SwapCached:            8 kB
Active:          2102860 kB
Inactive:        1164400 kB
Active(anon):     155580 kB
Inactive(anon):   165460 kB
Active(file):    1947280 kB
Inactive(file):   998940 kB
Unevictable:          32 kB
Mlocked:              32 kB
SwapTotal:       8049660 kB
SwapFree:        8049476 kB
Dirty:              1480 kB
Writeback:             0 kB
AnonPages:        212732 kB
Mapped:            73004 kB
Shmem:            108012 kB
Slab:             185072 kB
SReclaimable:     152684 kB
SUnreclaim:        32388 kB
KernelStack:        3352 kB
PageTables:         6780 kB
NFS_Unstable:          0 kB
Bounce:                0 kB
WritebackTmp:          0 kB
CommitLimit:    11970476 kB
Committed_AS:    1226528 kB
VmallocTotal:   34359738367 kB
VmallocUsed:      554068 kB
VmallocChunk:   34359154236 kB
HardwareCorrupted:     0 kB
AnonHugePages:    399360 kB
HugePages_Total:       0
HugePages_Free:        0
HugePages_Rsvd:        0
HugePages_Surp:        0
Hugepagesize:       2048 kB
DirectMap4k:       56416 kB
DirectMap2M:     7995392 kB


CPU:total 4 (2 cores per cpu, 2 threads per core) family 6 model 37 stepping 5, cmov, cx8, fxsr, mmx, sse, sse2, sse3, ssse3, sse4.1, sse4.2, popcnt, ht, tsc, tscinvbit

/proc/cpuinfo:
processor	: 0
vendor_id	: GenuineIntel
cpu family	: 6
model		: 37
model name	: Intel(R) Core(TM) i3 CPU       M 380  @ 2.53GHz
stepping	: 5
microcode	: 0x2
cpu MHz		: 2533.000
cache size	: 3072 KB
physical id	: 0
siblings	: 4
core id		: 0
cpu cores	: 2
apicid		: 0
initial apicid	: 0
fpu		: yes
fpu_exception	: yes
cpuid level	: 11
wp		: yes
flags		: fpu vme de pse tsc msr pae mce cx8 apic sep mtrr pge mca cmov pat pse36 clflush dts acpi mmx fxsr sse sse2 ss ht tm pbe syscall nx rdtscp lm constant_tsc arch_perfmon pebs bts rep_good nopl xtopology nonstop_tsc aperfmperf pni dtes64 monitor ds_cpl vmx est tm2 ssse3 cx16 xtpr pdcm pcid sse4_1 sse4_2 popcnt lahf_lm arat dtherm tpr_shadow vnmi flexpriority ept vpid
bogomips	: 5054.78
clflush size	: 64
cache_alignment	: 64
address sizes	: 36 bits physical, 48 bits virtual
power management:

processor	: 1
vendor_id	: GenuineIntel
cpu family	: 6
model		: 37
model name	: Intel(R) Core(TM) i3 CPU       M 380  @ 2.53GHz
stepping	: 5
microcode	: 0x2
cpu MHz		: 2533.000
cache size	: 3072 KB
physical id	: 0
siblings	: 4
core id		: 0
cpu cores	: 2
apicid		: 1
initial apicid	: 1
fpu		: yes
fpu_exception	: yes
cpuid level	: 11
wp		: yes
flags		: fpu vme de pse tsc msr pae mce cx8 apic sep mtrr pge mca cmov pat pse36 clflush dts acpi mmx fxsr sse sse2 ss ht tm pbe syscall nx rdtscp lm constant_tsc arch_perfmon pebs bts rep_good nopl xtopology nonstop_tsc aperfmperf pni dtes64 monitor ds_cpl vmx est tm2 ssse3 cx16 xtpr pdcm pcid sse4_1 sse4_2 popcnt lahf_lm arat dtherm tpr_shadow vnmi flexpriority ept vpid
bogomips	: 5054.78
clflush size	: 64
cache_alignment	: 64
address sizes	: 36 bits physical, 48 bits virtual
power management:

processor	: 2
vendor_id	: GenuineIntel
cpu family	: 6
model		: 37
model name	: Intel(R) Core(TM) i3 CPU       M 380  @ 2.53GHz
stepping	: 5
microcode	: 0x2
cpu MHz		: 2399.000
cache size	: 3072 KB
physical id	: 0
siblings	: 4
core id		: 2
cpu cores	: 2
apicid		: 4
initial apicid	: 4
fpu		: yes
fpu_exception	: yes
cpuid level	: 11
wp		: yes
flags		: fpu vme de pse tsc msr pae mce cx8 apic sep mtrr pge mca cmov pat pse36 clflush dts acpi mmx fxsr sse sse2 ss ht tm pbe syscall nx rdtscp lm constant_tsc arch_perfmon pebs bts rep_good nopl xtopology nonstop_tsc aperfmperf pni dtes64 monitor ds_cpl vmx est tm2 ssse3 cx16 xtpr pdcm pcid sse4_1 sse4_2 popcnt lahf_lm arat dtherm tpr_shadow vnmi flexpriority ept vpid
bogomips	: 5054.78
clflush size	: 64
cache_alignment	: 64
address sizes	: 36 bits physical, 48 bits virtual
power management:

processor	: 3
vendor_id	: GenuineIntel
cpu family	: 6
model		: 37
model name	: Intel(R) Core(TM) i3 CPU       M 380  @ 2.53GHz
stepping	: 5
microcode	: 0x2
cpu MHz		: 2533.000
cache size	: 3072 KB
physical id	: 0
siblings	: 4
core id		: 2
cpu cores	: 2
apicid		: 5
initial apicid	: 5
fpu		: yes
fpu_exception	: yes
cpuid level	: 11
wp		: yes
flags		: fpu vme de pse tsc msr pae mce cx8 apic sep mtrr pge mca cmov pat pse36 clflush dts acpi mmx fxsr sse sse2 ss ht tm pbe syscall nx rdtscp lm constant_tsc arch_perfmon pebs bts rep_good nopl xtopology nonstop_tsc aperfmperf pni dtes64 monitor ds_cpl vmx est tm2 ssse3 cx16 xtpr pdcm pcid sse4_1 sse4_2 popcnt lahf_lm arat dtherm tpr_shadow vnmi flexpriority ept vpid
bogomips	: 5054.78
clflush size	: 64
cache_alignment	: 64
address sizes	: 36 bits physical, 48 bits virtual
power management:



Memory: 4k page, physical 7841632k(4305900k free), swap 8049660k(8049476k free)

vm_info: Java HotSpot(TM) 64-Bit Server VM (25.25-b02) for linux-amd64 JRE (1.8.0_25-b17), built on Sep 17 2014 17:32:11 by "java_re" with gcc 4.3.0 20080428 (Red Hat 4.3.0-8)

time: Sat Dec  6 02:26:46 2014
elapsed time: 5641 seconds (0d 1h 34m 1s)

